Microsoft HTML Help Compiler 4.74.8702

Compiling c:\Users\David\Documents\GitHub\EE491\Game Control Panel\Technical Manual\Help\GameControlPanelHelp.chm


Compile time: 0 minutes, 4 seconds
14	Topics
16	Local links
1	Internet link
17	Graphics


Created c:\Users\David\Documents\GitHub\EE491\Game Control Panel\Technical Manual\Help\GameControlPanelHelp.chm, 3,047,901 bytes
Compression decreased file by 384,571 bytes.
Microsoft HTML Help Compiler 4.74.8702

Compiling c:\Users\David\Documents\GitHub\EE491\Game Control Panel\Technical Manual\Help\GameControlPanelHelp.chm


Compile time: 0 minutes, 4 seconds
14	Topics
17	Local links
1	Internet link
17	Graphics


Created c:\Users\David\Documents\GitHub\EE491\Game Control Panel\Technical Manual\Help\GameControlPanelHelp.chm, 3,047,887 bytes
Compression decreased file by 384,586 bytes.
Microsoft HTML Help Compiler 4.74.8702

Compiling c:\Users\David\Documents\GitHub\EE491\Game Control Panel\Technical Manual\Help\GameControlPanelHelp.chm


Compile time: 0 minutes, 4 seconds
14	Topics
17	Local links
1	Internet link
17	Graphics


Created c:\Users\David\Documents\GitHub\EE491\Game Control Panel\Technical Manual\Help\GameControlPanelHelp.chm, 3,047,881 bytes
Compression decreased file by 384,597 bytes.
